19:09:01.499 [main] INFO  C:\Users\Dell\eclipse-workspace\RestAssuredAutomationFramework - ***************Creating user *************************
"19:09:04.522 [main] INFO  C:\Users\Dell\eclipse-workspace\RestAssuredAutomationFramework - ***************User is created  *************************
"19:09:04.538 [main] INFO  C:\Users\Dell\eclipse-workspace\RestAssuredAutomationFramework - ***************Reading User Info *************************
"19:09:05.661 [main] INFO  C:\Users\Dell\eclipse-workspace\RestAssuredAutomationFramework - ***************User Info is displayed *************************
"19:09:05.668 [main] INFO  C:\Users\Dell\eclipse-workspace\RestAssuredAutomationFramework - ***************Updating User *************************
"19:09:07.931 [main] INFO  C:\Users\Dell\eclipse-workspace\RestAssuredAutomationFramework - ***************User is updated *************************
"19:09:07.936 [main] INFO  C:\Users\Dell\eclipse-workspace\RestAssuredAutomationFramework - ***************Deleting user *************************
"19:09:09.007 [main] INFO  C:\Users\Dell\eclipse-workspace\RestAssuredAutomationFramework - ***************User is deleted *************************
"19:09:13.476 [main] INFO  C:\Users\Dell\eclipse-workspace\RestAssuredAutomationFramework - ***************Deleting user *************************
"19:09:14.566 [main] INFO  C:\Users\Dell\eclipse-workspace\RestAssuredAutomationFramework - ***************user is deleted *************************
"19:09:14.569 [main] INFO  C:\Users\Dell\eclipse-workspace\RestAssuredAutomationFramework - ***************Deleting user *************************
"19:09:15.662 [main] INFO  C:\Users\Dell\eclipse-workspace\RestAssuredAutomationFramework - ***************user is deleted *************************
"19:09:15.667 [main] INFO  C:\Users\Dell\eclipse-workspace\RestAssuredAutomationFramework - ***************Deleting user *************************
"19:09:16.825 [main] INFO  C:\Users\Dell\eclipse-workspace\RestAssuredAutomationFramework - ***************user is deleted *************************
"19:25:43.074 [main] INFO  C:\Users\Dell\eclipse-workspace\RestAssuredAutomationFramework - ***************Creating user *************************
"19:26:07.064 [main] INFO  C:\Users\Dell\eclipse-workspace\RestAssuredAutomationFramework - ***************User is created  *************************
"19:26:07.077 [main] INFO  C:\Users\Dell\eclipse-workspace\RestAssuredAutomationFramework - ***************Reading User Info *************************
"19:26:29.227 [main] INFO  C:\Users\Dell\eclipse-workspace\RestAssuredAutomationFramework - ***************User Info is displayed *************************
"19:26:29.229 [main] INFO  C:\Users\Dell\eclipse-workspace\RestAssuredAutomationFramework - ***************Updating User *************************
"19:26:31.528 [main] INFO  C:\Users\Dell\eclipse-workspace\RestAssuredAutomationFramework - ***************User is updated *************************
"19:26:31.532 [main] INFO  C:\Users\Dell\eclipse-workspace\RestAssuredAutomationFramework - ***************Deleting user *************************
"19:26:32.655 [main] INFO  C:\Users\Dell\eclipse-workspace\RestAssuredAutomationFramework - ***************User is deleted *************************
"19:26:37.020 [main] INFO  C:\Users\Dell\eclipse-workspace\RestAssuredAutomationFramework - ***************Deleting user *************************
"19:26:38.085 [main] INFO  C:\Users\Dell\eclipse-workspace\RestAssuredAutomationFramework - ***************user is deleted *************************
"19:26:38.087 [main] INFO  C:\Users\Dell\eclipse-workspace\RestAssuredAutomationFramework - ***************Deleting user *************************
"19:26:39.151 [main] INFO  C:\Users\Dell\eclipse-workspace\RestAssuredAutomationFramework - ***************user is deleted *************************
"19:26:39.154 [main] INFO  C:\Users\Dell\eclipse-workspace\RestAssuredAutomationFramework - ***************Deleting user *************************
"19:26:40.261 [main] INFO  C:\Users\Dell\eclipse-workspace\RestAssuredAutomationFramework - ***************user is deleted *************************
"19:29:53.036 [main] INFO  C:\Users\Dell\eclipse-workspace\RestAssuredAutomationFramework - ***************Creating user *************************
"19:29:56.073 [main] INFO  C:\Users\Dell\eclipse-workspace\RestAssuredAutomationFramework - ***************User is created  *************************
"19:29:56.084 [main] INFO  C:\Users\Dell\eclipse-workspace\RestAssuredAutomationFramework - ***************Reading User Info *************************
"19:29:57.175 [main] INFO  C:\Users\Dell\eclipse-workspace\RestAssuredAutomationFramework - ***************User Info is displayed *************************
"19:29:57.180 [main] INFO  C:\Users\Dell\eclipse-workspace\RestAssuredAutomationFramework - ***************Updating User *************************
"19:29:59.468 [main] INFO  C:\Users\Dell\eclipse-workspace\RestAssuredAutomationFramework - ***************User is updated *************************
"19:29:59.470 [main] INFO  C:\Users\Dell\eclipse-workspace\RestAssuredAutomationFramework - ***************Deleting user *************************
"19:30:00.577 [main] INFO  C:\Users\Dell\eclipse-workspace\RestAssuredAutomationFramework - ***************User is deleted *************************
"19:30:05.061 [main] INFO  C:\Users\Dell\eclipse-workspace\RestAssuredAutomationFramework - ***************Deleting user *************************
"19:30:06.292 [main] INFO  C:\Users\Dell\eclipse-workspace\RestAssuredAutomationFramework - ***************user is deleted *************************
"19:30:06.294 [main] INFO  C:\Users\Dell\eclipse-workspace\RestAssuredAutomationFramework - ***************Deleting user *************************
"19:30:07.437 [main] INFO  C:\Users\Dell\eclipse-workspace\RestAssuredAutomationFramework - ***************user is deleted *************************
"19:30:07.439 [main] INFO  C:\Users\Dell\eclipse-workspace\RestAssuredAutomationFramework - ***************Deleting user *************************
"19:30:08.554 [main] INFO  C:\Users\Dell\eclipse-workspace\RestAssuredAutomationFramework - ***************user is deleted *************************
"